#
# There is insufficient memory for the Java Runtime Environment to continue.
# Native memory allocation (malloc) failed to allocate 32744 bytes for ChunkPool::allocate
# Possible reasons:
#   The system is out of physical RAM or swap space
#   In 32 bit mode, the process size limit was hit
# Possible solutions:
#   Reduce memory load on the system
#   Increase physical memory or swap space
#   Check if swap backing store is full
#   Use 64 bit Java on a 64 bit OS
#   Decrease Java heap size (-Xmx/-Xms)
#   Decrease number of Java threads
#   Decrease Java thread stack sizes (-Xss)
#   Set larger code cache with -XX:ReservedCodeCacheSize=
# This output file may be truncated or incomplete.
#
#  Out of Memory Error (allocation.cpp:273), pid=7384, tid=0x0000000000001638
#
# JRE version: Java(TM) SE Runtime Environment (8.0_144-b01) (build 1.8.0_144-b01)
# Java VM: Java HotSpot(TM) 64-Bit Server VM (25.144-b01 mixed mode windows-amd64 compressed oops)
# Failed to write core dump. Minidumps are not enabled by default on client versions of Windows
#

---------------  T H R E A D  ---------------

Current thread (0x000000001d7e4800):  JavaThread "C2 CompilerThread0" daemon [_thread_in_native, id=5688, stack(0x000000001ef60000,0x000000001f060000)]

Stack: [0x000000001ef60000,0x000000001f060000]
[error occurred during error reporting (printing stack bounds), id 0xc0000005]

Native frames: (J=compiled Java code, j=interpreted, Vv=VM code, C=native code)


Current CompileTask:
C2:  32665 8757   !   4       com.google.inject.spi.InjectionPoint::getInjectionPoints (506 bytes)


---------------  P R O C E S S  ---------------

Java Threads: ( => current thread )
  0x000000001d87f000 JavaThread "Service Thread" daemon [_thread_blocked, id=3876, stack(0x000000001f4f0000,0x000000001f5f0000)]
  0x000000001d81b000 JavaThread "C1 CompilerThread3" daemon [_thread_blocked, id=9564, stack(0x000000001f3b0000,0x000000001f4b0000)]
  0x000000001d7f0000 JavaThread "C2 CompilerThread2" daemon [_thread_in_native, id=7708, stack(0x000000001f120000,0x000000001f220000)]
  0x000000001d7ea000 JavaThread "C2 CompilerThread1" daemon [_thread_in_native, id=8832, stack(0x000000001ee60000,0x000000001ef60000)]
=>0x000000001d7e4800 JavaThread "C2 CompilerThread0" daemon [_thread_in_native, id=5688, stack(0x000000001ef60000,0x000000001f060000)]
  0x000000001d7e1800 JavaThread "Attach Listener" daemon [_thread_blocked, id=3640, stack(0x000000001ed60000,0x000000001ee60000)]
  0x000000001d7e0800 JavaThread "Signal Dispatcher" daemon [_thread_blocked, id=7128, stack(0x000000001ec60000,0x000000001ed60000)]
  0x000000001c842000 JavaThread "Finalizer" daemon [_thread_blocked, id=7188, stack(0x000000001eac0000,0x000000001ebc0000)]
  0x000000001c83b800 JavaThread "Reference Handler" daemon [_thread_blocked, id=7260, stack(0x000000001e8c0000,0x000000001e9c0000)]
  0x000000000029f000 JavaThread "main" [_thread_in_native, id=6740, stack(0x00000000025b0000,0x00000000026b0000)]

Other Threads:
  0x000000001d792800 VMThread [stack: 0x000000001e6f0000,0x000000001e7f0000] [id=7644]
  0x000000001d87c000 WatcherThread [stack: 0x000000001f230000,0x000000001f330000] [id=8072]

VM state:not at safepoint (normal execution)

VM Mutex/Monitor currently owned by a thread: None

Heap:
 PSYoungGen      total 275968K, used 236609K [0x000000076ab00000, 0x0000000788180000, 0x00000007c0000000)
  eden space 243712K, 97% used [0x000000076ab00000,0x00000007792107a8,0x0000000779900000)
  from space 32256K, 0% used [0x0000000779900000,0x0000000779900000,0x000000077b880000)
  to   space 33792K, 0% used [0x0000000786080000,0x0000000786080000,0x0000000788180000)
 ParOldGen       total 120832K, used 45432K [0x00000006c0000000, 0x00000006c7600000, 0x000000076ab00000)
  object space 120832K, 37% used [0x00000006c0000000,0x00000006c2c5e050,0x00000006c7600000)
 Metaspace       used 47178K, capacity 48266K, committed 48384K, reserved 1091584K
  class space    used 5272K, capacity 5610K, committed 5632K, reserved 1048576K

Card table byte_map: [0x0000000011d40000,0x0000000012550000] byte_map_base: 0x000000000e740000

Marking Bits: (ParMarkBitMap*) 0x000000006658d850
 Begin Bits: [0x0000000013650000, 0x0000000017650000)
 End Bits:   [0x0000000017650000, 0x000000001b650000)

Polling page: 0x0000000000230000

CodeCache: size=245760Kb used=28932Kb max_used=29163Kb free=216827Kb
 bounds [0x0000000002980000, 0x0000000004620000, 0x0000000011980000]
 total_blobs=8004 nmethods=7583 adapters=333
 compilation: enabled

Compilation events (10 events):
Event: 32.380 Thread 0x000000001d81b000 8780       3       org.codehaus.plexus.util.StringUtils::replace (109 bytes)
Event: 32.382 Thread 0x000000001d81b000 nmethod 8780 0x0000000003bb4dd0 code [0x0000000003bb5020, 0x0000000003bb6428]
Event: 32.382 Thread 0x000000001d81b000 8778       3       org.apache.maven.plugin.war.util.PathSet::normalizeFilePath (5 bytes)
Event: 32.383 Thread 0x000000001d81b000 nmethod 8778 0x0000000003bb3f50 code [0x0000000003bb4120, 0x0000000003bb4818]
Event: 32.384 Thread 0x000000001d81b000 8779       3       org.apache.maven.plugin.war.util.PathSet::trimTrailingSlashes (32 bytes)
Event: 32.385 Thread 0x000000001d81b000 nmethod 8779 0x0000000003d9d0d0 code [0x0000000003d9d280, 0x0000000003d9d858]
Event: 32.586 Thread 0x000000001d81b000 8781       3       sun.reflect.ClassFileAssembler::getLength (11 bytes)
Event: 32.587 Thread 0x000000001d81b000 nmethod 8781 0x0000000003dadb50 code [0x0000000003dadcc0, 0x0000000003daded0]
Event: 32.614 Thread 0x000000001d81b000 8782       3       java.io.WinNTFileSystem::parentOrNull (171 bytes)
Event: 32.616 Thread 0x000000001d81b000 nmethod 8782 0x0000000003c2fb10 code [0x0000000003c2fd40, 0x0000000003c30b98]

GC Heap History (10 events):
Event: 13.640 GC heap before
{Heap before GC invocations=5 (full 0):
 PSYoungGen      total 141824K, used 40766K [0x000000076ab00000, 0x0000000774000000, 0x00000007c0000000)
  eden space 131072K, 22% used [0x000000076ab00000,0x000000076c857460,0x0000000772b00000)
  from space 10752K, 99% used [0x0000000773580000,0x0000000773ff83e0,0x0000000774000000)
  to   space 10752K, 0% used [0x0000000772b00000,0x0000000772b00000,0x0000000773580000)
 ParOldGen       total 175104K, used 5263K [0x00000006c0000000, 0x00000006cab00000, 0x000000076ab00000)
  object space 175104K, 3% used [0x00000006c0000000,0x00000006c0523f20,0x00000006cab00000)
 Metaspace       used 20513K, capacity 21138K, committed 21296K, reserved 1069056K
  class space    used 2418K, capacity 2601K, committed 2688K, reserved 1048576K
Event: 13.686 GC heap after
Heap after GC invocations=5 (full 0):
 PSYoungGen      total 141824K, used 10733K [0x000000076ab00000, 0x000000077d800000, 0x00000007c0000000)
  eden space 131072K, 0% used [0x000000076ab00000,0x000000076ab00000,0x0000000772b00000)
  from space 10752K, 99% used [0x0000000772b00000,0x000000077357b468,0x0000000773580000)
  to   space 23040K, 0% used [0x000000077c180000,0x000000077c180000,0x000000077d800000)
 ParOldGen       total 175104K, used 15909K [0x00000006c0000000, 0x00000006cab00000, 0x000000076ab00000)
  object space 175104K, 9% used [0x00000006c0000000,0x00000006c0f894c8,0x00000006cab00000)
 Metaspace       used 20513K, capacity 21138K, committed 21296K, reserved 1069056K
  class space    used 2418K, capacity 2601K, committed 2688K, reserved 1048576K
}
Event: 13.686 GC heap before
{Heap before GC invocations=6 (full 1):
 PSYoungGen      total 141824K, used 10733K [0x000000076ab00000, 0x000000077d800000, 0x00000007c0000000)
  eden space 131072K, 0% used [0x000000076ab00000,0x000000076ab00000,0x0000000772b00000)
  from space 10752K, 99% used [0x0000000772b00000,0x000000077357b468,0x0000000773580000)
  to   space 23040K, 0% used [0x000000077c180000,0x000000077c180000,0x000000077d800000)
 ParOldGen       total 175104K, used 15909K [0x00000006c0000000, 0x00000006cab00000, 0x000000076ab00000)
  object space 175104K, 9% used [0x00000006c0000000,0x00000006c0f894c8,0x00000006cab00000)
 Metaspace       used 20513K, capacity 21138K, committed 21296K, reserved 1069056K
  class space    used 2418K, capacity 2601K, committed 2688K, reserved 1048576K
Event: 13.801 GC heap after
Heap after GC invocations=6 (full 1):
 PSYoungGen      total 141824K, used 0K [0x000000076ab00000, 0x000000077d800000, 0x00000007c0000000)
  eden space 131072K, 0% used [0x000000076ab00000,0x000000076ab00000,0x0000000772b00000)
  from space 10752K, 0% used [0x0000000772b00000,0x0000000772b00000,0x0000000773580000)
  to   space 23040K, 0% used [0x000000077c180000,0x000000077c180000,0x000000077d800000)
 ParOldGen       total 120832K, used 23689K [0x00000006c0000000, 0x00000006c7600000, 0x000000076ab00000)
  object space 120832K, 19% used [0x00000006c0000000,0x00000006c1722450,0x00000006c7600000)
 Metaspace       used 20513K, capacity 21138K, committed 21296K, reserved 1069056K
  class space    used 2418K, capacity 2601K, committed 2688K, reserved 1048576K
}
Event: 20.099 GC heap before
{Heap before GC invocations=7 (full 1):
 PSYoungGen      total 141824K, used 131072K [0x000000076ab00000, 0x000000077d800000, 0x00000007c0000000)
  eden space 131072K, 100% used [0x000000076ab00000,0x0000000772b00000,0x0000000772b00000)
  from space 10752K, 0% used [0x0000000772b00000,0x0000000772b00000,0x0000000773580000)
  to   space 23040K, 0% used [0x000000077c180000,0x000000077c180000,0x000000077d800000)
 ParOldGen       total 120832K, used 23689K [0x00000006c0000000, 0x00000006c7600000, 0x000000076ab00000)
  object space 120832K, 19% used [0x00000006c0000000,0x00000006c1722450,0x00000006c7600000)
 Metaspace       used 34350K, capacity 35142K, committed 35328K, reserved 1081344K
  class space    used 3843K, capacity 4053K, committed 4096K, reserved 1048576K
Event: 20.147 GC heap after
Heap after GC invocations=7 (full 1):
 PSYoungGen      total 238080K, used 23038K [0x000000076ab00000, 0x000000077d800000, 0x00000007c0000000)
  eden space 215040K, 0% used [0x000000076ab00000,0x000000076ab00000,0x0000000777d00000)
  from space 23040K, 99% used [0x000000077c180000,0x000000077d7ffa70,0x000000077d800000)
  to   space 32256K, 0% used [0x0000000779900000,0x0000000779900000,0x000000077b880000)
 ParOldGen       total 120832K, used 32389K [0x00000006c0000000, 0x00000006c7600000, 0x000000076ab00000)
  object space 120832K, 26% used [0x00000006c0000000,0x00000006c1fa17c8,0x00000006c7600000)
 Metaspace       used 34350K, capacity 35142K, committed 35328K, reserved 1081344K
  class space    used 3843K, capacity 4053K, committed 4096K, reserved 1048576K
}
Event: 20.206 GC heap before
{Heap before GC invocations=8 (full 1):
 PSYoungGen      total 238080K, used 31623K [0x000000076ab00000, 0x000000077d800000, 0x00000007c0000000)
  eden space 215040K, 3% used [0x000000076ab00000,0x000000076b3623b8,0x0000000777d00000)
  from space 23040K, 99% used [0x000000077c180000,0x000000077d7ffa70,0x000000077d800000)
  to   space 32256K, 0% used [0x0000000779900000,0x0000000779900000,0x000000077b880000)
 ParOldGen       total 120832K, used 32389K [0x00000006c0000000, 0x00000006c7600000, 0x000000076ab00000)
  object space 120832K, 26% used [0x00000006c0000000,0x00000006c1fa17c8,0x00000006c7600000)
 Metaspace       used 34672K, capacity 35430K, committed 35496K, reserved 1081344K
  class space    used 3863K, capacity 4085K, committed 4096K, reserved 1048576K
Event: 20.245 GC heap after
Heap after GC invocations=8 (full 1):
 PSYoungGen      total 275968K, used 23222K [0x000000076ab00000, 0x0000000788180000, 0x00000007c0000000)
  eden space 243712K, 0% used [0x000000076ab00000,0x000000076ab00000,0x0000000779900000)
  from space 32256K, 71% used [0x0000000779900000,0x000000077afada18,0x000000077b880000)
  to   space 33792K, 0% used [0x0000000786080000,0x0000000786080000,0x0000000788180000)
 ParOldGen       total 120832K, used 32397K [0x00000006c0000000, 0x00000006c7600000, 0x000000076ab00000)
  object space 120832K, 26% used [0x00000006c0000000,0x00000006c1fa37c8,0x00000006c7600000)
 Metaspace       used 34672K, capacity 35430K, committed 35496K, reserved 1081344K
  class space    used 3863K, capacity 4085K, committed 4096K, reserved 1048576K
}
Event: 20.245 GC heap before
{Heap before GC invocations=9 (full 2):
 PSYoungGen      total 275968K, used 23222K [0x000000076ab00000, 0x0000000788180000, 0x00000007c0000000)
  eden space 243712K, 0% used [0x000000076ab00000,0x000000076ab00000,0x0000000779900000)
  from space 32256K, 71% used [0x0000000779900000,0x000000077afada18,0x000000077b880000)
  to   space 33792K, 0% used [0x0000000786080000,0x0000000786080000,0x0000000788180000)
 ParOldGen       total 120832K, used 32397K [0x00000006c0000000, 0x00000006c7600000, 0x000000076ab00000)
  object space 120832K, 26% used [0x00000006c0000000,0x00000006c1fa37c8,0x00000006c7600000)
 Metaspace       used 34672K, capacity 35430K, committed 35496K, reserved 1081344K
  class space    used 3863K, capacity 4085K, committed 4096K, reserved 1048576K
Event: 20.579 GC heap after
Heap after GC invocations=9 (full 2):
 PSYoungGen      total 275968K, used 0K [0x000000076ab00000, 0x0000000788180000, 0x00000007c0000000)
  eden space 243712K, 0% used [0x000000076ab00000,0x000000076ab00000,0x0000000779900000)
  from space 32256K, 0% used [0x0000000779900000,0x0000000779900000,0x000000077b880000)
  to   space 33792K, 0% used [0x0000000786080000,0x0000000786080000,0x0000000788180000)
 ParOldGen       total 120832K, used 45432K [0x00000006c0000000, 0x00000006c7600000, 0x000000076ab00000)
  object space 120832K, 37% used [0x00000006c0000000,0x00000006c2c5e050,0x00000006c7600000)
 Metaspace       used 34672K, capacity 35430K, committed 35496K, reserved 1081344K
  class space    used 3863K, capacity 4085K, committed 4096K, reserved 1048576K
}

Deoptimization events (10 events):
Event: 30.382 Thread 0x000000000029f000 Uncommon trap: reason=class_check action=maybe_recompile pc=0x000000000429be08 method=com.sun.tools.javac.comp.Check.checkType(Lcom/sun/tools/javac/util/JCDiagnostic$DiagnosticPosition;Lcom/sun/tools/javac/code/Type;Lcom/sun/tools/javac/code/Type;Lcom/sun
Event: 30.382 Thread 0x000000000029f000 Uncommon trap: reason=unstable_if action=reinterpret pc=0x00000000044a6940 method=com.sun.tools.javac.comp.Attr.checkIdInternal(Lcom/sun/tools/javac/tree/JCTree;Lcom/sun/tools/javac/code/Type;Lcom/sun/tools/javac/code/Symbol;Lcom/sun/tools/javac/code/Type
Event: 31.373 Thread 0x000000000029f000 Uncommon trap: reason=unstable_if action=reinterpret pc=0x0000000002daf28c method=java.util.jar.Attributes.read(Ljava/util/jar/Manifest$FastInputStream;[B)V @ 58
Event: 31.592 Thread 0x000000000029f000 Uncommon trap: reason=null_check action=make_not_entrant pc=0x00000000043b6d5c method=sun.util.locale.provider.LocaleProviderAdapter.getAdapter(Ljava/lang/Class;Ljava/util/Locale;)Lsun/util/locale/provider/LocaleProviderAdapter; @ 9
Event: 31.621 Thread 0x000000000029f000 Uncommon trap: reason=unstable_if action=reinterpret pc=0x00000000034564c4 method=java.util.Properties$LineReader.readLine()I @ 246
Event: 31.750 Thread 0x000000000029f000 Uncommon trap: reason=unstable_if action=reinterpret pc=0x000000000314ce7c method=java.util.ArrayList.toArray([Ljava/lang/Object;)[Ljava/lang/Object; @ 48
Event: 31.775 Thread 0x000000000029f000 Uncommon trap: reason=predicate action=maybe_recompile pc=0x0000000003b0ee04 method=java.lang.String.regionMatches(ZILjava/lang/String;II)Z @ 63
Event: 31.940 Thread 0x000000000029f000 Uncommon trap: reason=unstable_if action=reinterpret pc=0x0000000002b25600 method=java.util.regex.Pattern.sequence(Ljava/util/regex/Pattern$Node;)Ljava/util/regex/Pattern$Node; @ 281
Event: 31.979 Thread 0x000000000029f000 Uncommon trap: reason=unstable_if action=reinterpret pc=0x00000000034d5ac0 method=org.sonatype.guice.bean.locators.RankedBindings$Itr.hasNext()Z @ 22
Event: 32.382 Thread 0x000000000029f000 Uncommon trap: reason=unstable_if action=reinterpret pc=0x0000000002b741b0 method=java.io.WinNTFileSystem.parentOrNull(Ljava/lang/String;)Ljava/lang/String; @ 76

Internal exceptions (10 events):
Event: 26.178 Thread 0x000000000029f000 Implicit null exception at 0x0000000002e4c791 to 0x0000000002e4e8a1
Event: 26.737 Thread 0x000000000029f000 Exception <a 'java/lang/NoClassDefFoundError': org/slf4j/Logger> (0x0000000772accd00) thrown at [C:\re\workspace\8-2-build-windows-amd64-cygwin\jdk8u144\9417\hotspot\src\share\vm\oops\constantPool.cpp, line 235]
Event: 28.053 Thread 0x000000000029f000 Exception <a 'java/lang/NoClassDefFoundError': org/slf4j/Logger> (0x00000007736cb178) thrown at [C:\re\workspace\8-2-build-windows-amd64-cygwin\jdk8u144\9417\hotspot\src\share\vm\oops\constantPool.cpp, line 235]
Event: 28.207 Thread 0x000000000029f000 Exception <a 'java/lang/ClassNotFoundException': com/sun/tools/javac/api/JavacTool> (0x0000000773a99250) thrown at [C:\re\workspace\8-2-build-windows-amd64-cygwin\jdk8u144\9417\hotspot\src\share\vm\classfile\systemDictionary.cpp, line 210]
Event: 28.901 Thread 0x000000000029f000 Exception <a 'java/io/FileNotFoundException'> (0x0000000775001450) thrown at [C:\re\workspace\8-2-build-windows-amd64-cygwin\jdk8u144\9417\hotspot\src\share\vm\prims\jni.cpp, line 709]
Event: 28.905 Thread 0x000000000029f000 Exception <a 'java/io/FileNotFoundException'> (0x0000000775035bd8) thrown at [C:\re\workspace\8-2-build-windows-amd64-cygwin\jdk8u144\9417\hotspot\src\share\vm\prims\jni.cpp, line 709]
Event: 31.436 Thread 0x000000000029f000 Exception <a 'java/lang/NoClassDefFoundError': org/slf4j/Logger> (0x00000007782dced0) thrown at [C:\re\workspace\8-2-build-windows-amd64-cygwin\jdk8u144\9417\hotspot\src\share\vm\oops\constantPool.cpp, line 235]
Event: 31.619 Thread 0x000000000029f000 Exception <a 'java/io/FileNotFoundException'> (0x0000000778579f30) thrown at [C:\re\workspace\8-2-build-windows-amd64-cygwin\jdk8u144\9417\hotspot\src\share\vm\prims\jni.cpp, line 709]
Event: 31.750 Thread 0x000000000029f000 Exception <a 'java/lang/NoSuchFieldError': method resolution failed> (0x0000000778643c58) thrown at [C:\re\workspace\8-2-build-windows-amd64-cygwin\jdk8u144\9417\hotspot\src\share\vm\prims\methodHandles.cpp, line 1146]
Event: 31.754 Thread 0x000000000029f000 Exception <a 'java/lang/NoSuchFieldError': method resolution failed> (0x00000007786516e8) thrown at [C:\re\workspace\8-2-build-windows-amd64-cygwin\jdk8u144\9417\hotspot\src\share\vm\prims\methodHandles.cpp, line 1146]

Events (10 events):
Event: 32.385 loading class org/codehaus/plexus/util/FileUtils
Event: 32.385 loading class org/codehaus/plexus/util/FileUtils done
Event: 32.389 loading class org/codehaus/plexus/util/io/InputStreamFacade
Event: 32.389 loading class org/codehaus/plexus/util/io/InputStreamFacade done
Event: 32.389 loading class org/codehaus/plexus/util/io/InputStreamFacade
Event: 32.389 loading class org/codehaus/plexus/util/io/InputStreamFacade done
Event: 32.401 loading class org/codehaus/plexus/util/IOUtil
Event: 32.401 loading class org/codehaus/plexus/util/IOUtil done
Event: 32.401 loading class org/codehaus/plexus/util/IOUtil
Event: 32.401 loading class org/codehaus/plexus/util/IOUtil done


Dynamic libraries:
0x000000013fcf0000 - 0x000000013fd27000 	C:\Program Files\Java\jdk1.8.0_144\bin\java.exe
0x0000000077750000 - 0x00000000778fa000 	C:\Windows\SYSTEM32\ntdll.dll
0x0000000077630000 - 0x000000007774f000 	C:\Windows\system32\kernel32.dll
0x000007fefd4a0000 - 0x000007fefd50a000 	C:\Windows\system32\KERNELBASE.dll
0x000007fefef20000 - 0x000007fefeffb000 	C:\Windows\system32\ADVAPI32.dll
0x000007feff2d0000 - 0x000007feff36f000 	C:\Windows\system32\msvcrt.dll
0x000007feff620000 - 0x000007feff63f000 	C:\Windows\SYSTEM32\sechost.dll
0x000007fefedf0000 - 0x000007fefef1d000 	C:\Windows\system32\RPCRT4.dll
0x0000000077530000 - 0x000000007762a000 	C:\Windows\system32\USER32.dll
0x000007feff5b0000 - 0x000007feff617000 	C:\Windows\system32\GDI32.dll
0x000007feff8e0000 - 0x000007feff8ee000 	C:\Windows\system32\LPK.dll
0x000007feff8f0000 - 0x000007feff9bb000 	C:\Windows\system32\USP10.dll
0x000007fefbe40000 - 0x000007fefc034000 	C:\Windows\WinSxS\amd64_microsoft.windows.common-controls_6595b64144ccf1df_6.0.7601.18837_none_fa3b1e3d17594757\COMCTL32.dll
0x000007fefe6a0000 - 0x000007fefe711000 	C:\Windows\system32\SHLWAPI.dll
0x000007fefeaf0000 - 0x000007fefeb1e000 	C:\Windows\system32\IMM32.DLL
0x000007fefe590000 - 0x000007fefe699000 	C:\Windows\system32\MSCTF.dll
0x000000006e9f0000 - 0x000000006eac2000 	C:\Program Files\Java\jdk1.8.0_144\jre\bin\msvcr100.dll
0x0000000065d70000 - 0x000000006660d000 	C:\Program Files\Java\jdk1.8.0_144\jre\bin\server\jvm.dll
0x000007fef5890000 - 0x000007fef5899000 	C:\Windows\system32\WSOCK32.dll
0x000007fefeb20000 - 0x000007fefeb6d000 	C:\Windows\system32\WS2_32.dll
0x000007feff7d0000 - 0x000007feff7d8000 	C:\Windows\system32\NSI.dll
0x000007fefb5c0000 - 0x000007fefb5fb000 	C:\Windows\system32\WINMM.dll
0x000007fefc500000 - 0x000007fefc50c000 	C:\Windows\system32\VERSION.dll
0x0000000077910000 - 0x0000000077917000 	C:\Windows\system32\PSAPI.DLL
0x000000006fb90000 - 0x000000006fb9f000 	C:\Program Files\Java\jdk1.8.0_144\jre\bin\verify.dll
0x000000006eb80000 - 0x000000006eba9000 	C:\Program Files\Java\jdk1.8.0_144\jre\bin\java.dll
0x000000006eb10000 - 0x000000006eb26000 	C:\Program Files\Java\jdk1.8.0_144\jre\bin\zip.dll
0x000007fefd800000 - 0x000007fefe58b000 	C:\Windows\system32\SHELL32.dll
0x000007fefeb70000 - 0x000007fefed6c000 	C:\Windows\system32\ole32.dll
0x000007fefd450000 - 0x000007fefd45f000 	C:\Windows\system32\profapi.dll
0x000007fefd240000 - 0x000007fefd297000 	C:\Windows\system32\apphelp.dll
0x000000006eaf0000 - 0x000000006eb0a000 	C:\Program Files\Java\jdk1.8.0_144\jre\bin\net.dll
0x000007fefcbd0000 - 0x000007fefcc25000 	C:\Windows\system32\mswsock.dll
0x000007fefcbc0000 - 0x000007fefcbc7000 	C:\Windows\System32\wship6.dll
0x000000006ead0000 - 0x000000006eae1000 	C:\Program Files\Java\jdk1.8.0_144\jre\bin\nio.dll
0x000000006e4d0000 - 0x000000006e668000 	C:\Program Files\Java\jdk1.8.0_144\jre\bin\awt.dll
0x000007feff7e0000 - 0x000007feff8ba000 	C:\Windows\system32\OLEAUT32.dll

VM Arguments:
jvm_args: -Dclassworlds.conf=C:\Program Files\NetBeans 8.2\java\maven\bin\m2.conf -Dmaven.home=C:\Program Files\NetBeans 8.2\java\maven 
java_command: org.codehaus.plexus.classworlds.launcher.Launcher -DskipTests=true -Dmaven.ext.class.path=C:\Program Files\NetBeans 8.2\java\maven-nblib\netbeans-eventspy.jar -Dfile.encoding=UTF-8 clean install
java_class_path (initial): C:\Program Files\NetBeans 8.2\java\maven\boot\plexus-classworlds-2.4.jar
Launcher Type: SUN_STANDARD

Environment Variables:
JAVA_HOME=C:\Program Files\Java\jdk1.8.0_144
PATH=C:\ProgramData\Oracle\Java\javapath;C:\Windows\system32;C:\Windows;C:\Windows\System32\Wbem;C:\Windows\System32\WindowsPowerShell\v1.0\;C:\Program Files\Git\cmd;C:\Program Files\nodejs\
USERNAME=m.neira10
OS=Windows_NT
PROCESSOR_IDENTIFIER=Intel64 Family 6 Model 26 Stepping 4, GenuineIntel



---------------  S Y S T E M  ---------------

OS: Windows 7 , 64 bit Build 7601 (6.1.7601.23807)

CPU:total 8 (initial active 8) (4 cores per cpu, 1 threads per core) family 6 model 26 stepping 4, cmov, cx8, fxsr, mmx, sse, sse2, sse3, ssse3, sse4.1, sse4.2, popcnt, tsc, tscinvbit, tscinv

Memory: 4k page, physical 16776628k(1279604k free), swap 67104652k(5132k free)

vm_info: Java HotSpot(TM) 64-Bit Server VM (25.144-b01) for windows-amd64 JRE (1.8.0_144-b01), built on Jul 21 2017 21:57:33 by "java_re" with MS VC++ 10.0 (VS2010)

time: Mon Nov 06 18:59:51 2017
elapsed time: 32 seconds (0d 0h 0m 32s)

